* Starting client
* Connecting to master process on port 16089
* Analyzing classpath: 
  - /scratch/workspace/Classes/Spring2017/githubs/CS362-001-SP17/SUTs/Container/target/classes
* Finished analyzing classpath
* Generating tests for class container.Container
* Test criteria:
  - Line Coverage
  - Branch Coverage
  - Exception
  - Mutation testing (weak)
  - Method-Output Coverage
  - Top-Level Method Coverage
  - No-Exception Top-Level Method Coverage
  - Branch Coverage
* Setting up search algorithm for whole suite generation
[MASTER] 21:24:13.571 [pool-2-thread-1] WARN  TestSuiteSerialization - Cannot load tests because file does not exist: /scratch/workspace/Classes/Spring2017/githubs/CS362-001-SP17/SUTs/Container/.evosuite/evosuite-seeds/container.Container.seed
* Total number of test goals: 
  - Line 18
  - Branch 10
  - Exception 0
  - MutationFactory 35
  - Output 12
  - Method 6
  - MethodNoException 6
  - CBranchFitnessFactory 10
* Using seed 1492748652447
* Starting evolution
* Search finished after 66s and 2210 generations, 638819 statements, best individual has fitness: 4.5
* Writing sequences to pool
* Minimizing test suite
* Coverage analysis for criterion LINE
* Coverage of criterion LINE: 100%
* Total number of goals: 18
* Number of covered goals: 18
* Coverage analysis for criterion BRANCH
* Coverage of criterion BRANCH: 100%
* Total number of goals: 10
* Number of covered goals: 10
* Coverage analysis for criterion EXCEPTION
* Coverage of criterion EXCEPTION: 100% (no goals)
* Coverage analysis for criterion WEAKMUTATION
* Coverage of criterion WEAKMUTATION: 97%
* Total number of goals: 35
* Number of covered goals: 34
* Coverage analysis for criterion OUTPUT
* Coverage of criterion OUTPUT: 67%
* Total number of goals: 12
* Number of covered goals: 8
* Coverage analysis for criterion METHOD
* Coverage of criterion METHOD: 100%
* Total number of goals: 6
* Number of covered goals: 6
* Coverage analysis for criterion METHODNOEXCEPTION
* Coverage of criterion METHODNOEXCEPTION: 100%
* Total number of goals: 6
* Number of covered goals: 6
* Coverage analysis for criterion CBRANCH
* Coverage of criterion CBRANCH: 100%
* Total number of goals: 10
* Number of covered goals: 10
* Generated 8 tests with total length 21
* Coverage of criterion STATEMENT: 100%
* Total number of goals: 84
* Number of covered goals: 84
* Coverage of criterion ONLYBRANCH: 100%
* Total number of goals: 8
* Number of covered goals: 8
* Coverage of criterion IBRANCH: 100%
* Total number of goals: 10
* Number of covered goals: 10
* Coverage of criterion ONLYMUTATION: 97%
* Total number of goals: 35
* Number of covered goals: 34
* Coverage of criterion MUTATION: 49%
* Total number of goals: 35
* Number of covered goals: 17
* Coverage of criterion INPUT: 0%
* Total number of goals: 9
* Number of covered goals: 0
* Coverage of criterion METHODTRACE: 100%
* Total number of goals: 6
* Number of covered goals: 6
* Resulting test suite's coverage: 95% (average coverage for all fitness functions)
* Generating assertions
* Resulting test suite's mutation score: 69%
* Compiling and checking tests
* Writing JUnit test case 'Container_ESTest' to /scratch/workspace/Classes/Spring2017/githubs/CS362-001-SP17/SUTs/Container/.evosuite/tmp_2017_04_20_21_24_11/tests
* Done!

